{"/Users/user/Documents/musicxml-parser/src/parser/index.ts": {"path":"/Users/user/Documents/musicxml-parser/src/parser/index.ts","all":false,"statementMap":{"0":{"start":{"line":1,"column":0},"end":{"line":1,"column":28}},"1":{"start":{"line":2,"column":0},"end":{"line":2,"column":26}}},"s":{"0":1,"1":1},"branchMap":{},"b":{},"fnMap":{},"f":{}}
,"/Users/user/Documents/musicxml-parser/src/parser/mappers.ts": {"path":"/Users/user/Documents/musicxml-parser/src/parser/mappers.ts","all":false,"statementMap":{"0":{"start":{"line":1,"column":0},"end":{"line":1,"column":216}},"11":{"start":{"line":12,"column":0},"end":{"line":12,"column":81}},"12":{"start":{"line":13,"column":0},"end":{"line":13,"column":65}},"13":{"start":{"line":14,"column":0},"end":{"line":14,"column":38}},"14":{"start":{"line":15,"column":0},"end":{"line":15,"column":1}},"23":{"start":{"line":24,"column":0},"end":{"line":24,"column":84}},"24":{"start":{"line":25,"column":0},"end":{"line":25,"column":56}},"25":{"start":{"line":26,"column":0},"end":{"line":26,"column":38}},"26":{"start":{"line":27,"column":0},"end":{"line":27,"column":1}},"34":{"start":{"line":35,"column":0},"end":{"line":35,"column":85}},"35":{"start":{"line":36,"column":0},"end":{"line":36,"column":54}},"36":{"start":{"line":37,"column":0},"end":{"line":37,"column":33}},"37":{"start":{"line":38,"column":0},"end":{"line":38,"column":31}},"38":{"start":{"line":39,"column":0},"end":{"line":39,"column":33}},"39":{"start":{"line":40,"column":0},"end":{"line":40,"column":1}},"47":{"start":{"line":48,"column":0},"end":{"line":48,"column":82}},"48":{"start":{"line":49,"column":0},"end":{"line":49,"column":54}},"49":{"start":{"line":50,"column":0},"end":{"line":50,"column":33}},"50":{"start":{"line":51,"column":0},"end":{"line":51,"column":33}},"51":{"start":{"line":52,"column":0},"end":{"line":52,"column":33}},"52":{"start":{"line":53,"column":0},"end":{"line":53,"column":1}},"61":{"start":{"line":62,"column":0},"end":{"line":62,"column":70}},"62":{"start":{"line":63,"column":0},"end":{"line":63,"column":76}},"63":{"start":{"line":64,"column":0},"end":{"line":64,"column":57}},"65":{"start":{"line":66,"column":0},"end":{"line":66,"column":33}},"66":{"start":{"line":67,"column":0},"end":{"line":67,"column":88}},"67":{"start":{"line":68,"column":0},"end":{"line":68,"column":67}},"68":{"start":{"line":69,"column":0},"end":{"line":69,"column":3}},"70":{"start":{"line":71,"column":0},"end":{"line":71,"column":58}},"72":{"start":{"line":73,"column":0},"end":{"line":73,"column":37}},"73":{"start":{"line":74,"column":0},"end":{"line":74,"column":9}},"74":{"start":{"line":75,"column":0},"end":{"line":75,"column":11}},"75":{"start":{"line":76,"column":0},"end":{"line":76,"column":4}},"77":{"start":{"line":78,"column":0},"end":{"line":78,"column":23}},"78":{"start":{"line":79,"column":0},"end":{"line":79,"column":28}},"79":{"start":{"line":80,"column":0},"end":{"line":80,"column":3}},"82":{"start":{"line":83,"column":0},"end":{"line":83,"column":50}},"83":{"start":{"line":84,"column":0},"end":{"line":84,"column":24}},"84":{"start":{"line":85,"column":0},"end":{"line":85,"column":102}},"85":{"start":{"line":86,"column":0},"end":{"line":86,"column":16}},"86":{"start":{"line":87,"column":0},"end":{"line":87,"column":3}},"88":{"start":{"line":89,"column":0},"end":{"line":89,"column":21}},"89":{"start":{"line":90,"column":0},"end":{"line":90,"column":1}},"99":{"start":{"line":100,"column":0},"end":{"line":100,"column":76}},"100":{"start":{"line":101,"column":0},"end":{"line":101,"column":64}},"101":{"start":{"line":102,"column":0},"end":{"line":102,"column":1}},"108":{"start":{"line":109,"column":0},"end":{"line":109,"column":67}},"109":{"start":{"line":110,"column":0},"end":{"line":110,"column":37}},"112":{"start":{"line":113,"column":0},"end":{"line":113,"column":68}},"113":{"start":{"line":114,"column":0},"end":{"line":114,"column":21}},"114":{"start":{"line":115,"column":0},"end":{"line":115,"column":48}},"115":{"start":{"line":116,"column":0},"end":{"line":116,"column":16}},"116":{"start":{"line":117,"column":0},"end":{"line":117,"column":29}},"117":{"start":{"line":118,"column":0},"end":{"line":118,"column":5}},"118":{"start":{"line":119,"column":0},"end":{"line":119,"column":3}},"122":{"start":{"line":123,"column":0},"end":{"line":123,"column":45}},"124":{"start":{"line":125,"column":0},"end":{"line":125,"column":49}},"125":{"start":{"line":126,"column":0},"end":{"line":126,"column":29}},"126":{"start":{"line":127,"column":0},"end":{"line":127,"column":40}},"127":{"start":{"line":128,"column":0},"end":{"line":128,"column":12}},"129":{"start":{"line":130,"column":0},"end":{"line":130,"column":99}},"130":{"start":{"line":131,"column":0},"end":{"line":131,"column":5}},"131":{"start":{"line":132,"column":0},"end":{"line":132,"column":3}},"134":{"start":{"line":135,"column":0},"end":{"line":135,"column":63}},"135":{"start":{"line":136,"column":0},"end":{"line":136,"column":26}},"136":{"start":{"line":137,"column":0},"end":{"line":137,"column":33}},"137":{"start":{"line":138,"column":0},"end":{"line":138,"column":3}},"139":{"start":{"line":140,"column":0},"end":{"line":140,"column":53}},"140":{"start":{"line":141,"column":0},"end":{"line":141,"column":23}},"141":{"start":{"line":142,"column":0},"end":{"line":142,"column":27}},"142":{"start":{"line":143,"column":0},"end":{"line":143,"column":3}},"144":{"start":{"line":145,"column":0},"end":{"line":145,"column":51}},"145":{"start":{"line":146,"column":0},"end":{"line":146,"column":22}},"146":{"start":{"line":147,"column":0},"end":{"line":147,"column":25}},"147":{"start":{"line":148,"column":0},"end":{"line":148,"column":3}},"152":{"start":{"line":153,"column":0},"end":{"line":153,"column":48}},"153":{"start":{"line":154,"column":0},"end":{"line":154,"column":24}},"154":{"start":{"line":155,"column":0},"end":{"line":155,"column":99}},"155":{"start":{"line":156,"column":0},"end":{"line":156,"column":16}},"156":{"start":{"line":157,"column":0},"end":{"line":157,"column":3}},"158":{"start":{"line":159,"column":0},"end":{"line":159,"column":21}},"159":{"start":{"line":160,"column":0},"end":{"line":160,"column":1}},"169":{"start":{"line":170,"column":0},"end":{"line":170,"column":79}},"170":{"start":{"line":171,"column":0},"end":{"line":171,"column":45}},"171":{"start":{"line":172,"column":0},"end":{"line":172,"column":1}},"178":{"start":{"line":179,"column":0},"end":{"line":179,"column":76}},"179":{"start":{"line":180,"column":0},"end":{"line":180,"column":43}},"181":{"start":{"line":182,"column":0},"end":{"line":182,"column":60}},"182":{"start":{"line":183,"column":0},"end":{"line":183,"column":28}},"183":{"start":{"line":184,"column":0},"end":{"line":184,"column":36}},"184":{"start":{"line":185,"column":0},"end":{"line":185,"column":10}},"186":{"start":{"line":187,"column":0},"end":{"line":187,"column":96}},"187":{"start":{"line":188,"column":0},"end":{"line":188,"column":16}},"188":{"start":{"line":189,"column":0},"end":{"line":189,"column":3}},"191":{"start":{"line":192,"column":0},"end":{"line":192,"column":81}},"192":{"start":{"line":193,"column":0},"end":{"line":193,"column":26}},"196":{"start":{"line":197,"column":0},"end":{"line":197,"column":75}},"197":{"start":{"line":198,"column":0},"end":{"line":198,"column":3}},"200":{"start":{"line":201,"column":0},"end":{"line":201,"column":79}},"201":{"start":{"line":202,"column":0},"end":{"line":202,"column":27}},"202":{"start":{"line":203,"column":0},"end":{"line":203,"column":40}},"203":{"start":{"line":204,"column":0},"end":{"line":204,"column":42}},"204":{"start":{"line":205,"column":0},"end":{"line":205,"column":15}},"205":{"start":{"line":206,"column":0},"end":{"line":206,"column":23}},"206":{"start":{"line":207,"column":0},"end":{"line":207,"column":5}},"207":{"start":{"line":208,"column":0},"end":{"line":208,"column":3}},"208":{"start":{"line":209,"column":0},"end":{"line":209,"column":76}},"213":{"start":{"line":214,"column":0},"end":{"line":214,"column":54}},"214":{"start":{"line":215,"column":0},"end":{"line":215,"column":24}},"215":{"start":{"line":216,"column":0},"end":{"line":216,"column":108}},"216":{"start":{"line":217,"column":0},"end":{"line":217,"column":16}},"217":{"start":{"line":218,"column":0},"end":{"line":218,"column":3}},"219":{"start":{"line":220,"column":0},"end":{"line":220,"column":21}},"220":{"start":{"line":221,"column":0},"end":{"line":221,"column":1}},"229":{"start":{"line":230,"column":0},"end":{"line":230,"column":67}},"230":{"start":{"line":231,"column":0},"end":{"line":231,"column":37}},"232":{"start":{"line":233,"column":0},"end":{"line":233,"column":49}},"233":{"start":{"line":234,"column":0},"end":{"line":234,"column":24}},"234":{"start":{"line":235,"column":0},"end":{"line":235,"column":25}},"235":{"start":{"line":236,"column":0},"end":{"line":236,"column":10}},"237":{"start":{"line":238,"column":0},"end":{"line":238,"column":86}},"238":{"start":{"line":239,"column":0},"end":{"line":239,"column":16}},"239":{"start":{"line":240,"column":0},"end":{"line":240,"column":3}},"242":{"start":{"line":243,"column":0},"end":{"line":243,"column":82}},"243":{"start":{"line":244,"column":0},"end":{"line":244,"column":33}},"244":{"start":{"line":245,"column":0},"end":{"line":245,"column":46}},"245":{"start":{"line":246,"column":0},"end":{"line":246,"column":51}},"246":{"start":{"line":247,"column":0},"end":{"line":247,"column":18}},"247":{"start":{"line":248,"column":0},"end":{"line":248,"column":29}},"248":{"start":{"line":249,"column":0},"end":{"line":249,"column":5}},"249":{"start":{"line":250,"column":0},"end":{"line":250,"column":3}},"251":{"start":{"line":252,"column":0},"end":{"line":252,"column":31}},"254":{"start":{"line":255,"column":0},"end":{"line":255,"column":48}},"255":{"start":{"line":256,"column":0},"end":{"line":256,"column":24}},"257":{"start":{"line":258,"column":0},"end":{"line":258,"column":99}},"258":{"start":{"line":259,"column":0},"end":{"line":259,"column":16}},"259":{"start":{"line":260,"column":0},"end":{"line":260,"column":3}},"261":{"start":{"line":262,"column":0},"end":{"line":262,"column":21}},"262":{"start":{"line":263,"column":0},"end":{"line":263,"column":1}},"273":{"start":{"line":274,"column":0},"end":{"line":274,"column":82}},"274":{"start":{"line":275,"column":0},"end":{"line":275,"column":47}},"276":{"start":{"line":277,"column":0},"end":{"line":277,"column":54}},"277":{"start":{"line":278,"column":0},"end":{"line":278,"column":24}},"278":{"start":{"line":279,"column":0},"end":{"line":279,"column":30}},"279":{"start":{"line":280,"column":0},"end":{"line":280,"column":10}},"280":{"start":{"line":281,"column":0},"end":{"line":281,"column":99}},"281":{"start":{"line":282,"column":0},"end":{"line":282,"column":52}},"282":{"start":{"line":283,"column":0},"end":{"line":283,"column":3}},"284":{"start":{"line":285,"column":0},"end":{"line":285,"column":65}},"285":{"start":{"line":286,"column":0},"end":{"line":286,"column":26}},"286":{"start":{"line":287,"column":0},"end":{"line":287,"column":38}},"287":{"start":{"line":288,"column":0},"end":{"line":288,"column":3}},"289":{"start":{"line":290,"column":0},"end":{"line":290,"column":81}},"290":{"start":{"line":291,"column":0},"end":{"line":291,"column":34}},"291":{"start":{"line":292,"column":0},"end":{"line":292,"column":54}},"292":{"start":{"line":293,"column":0},"end":{"line":293,"column":3}},"296":{"start":{"line":297,"column":0},"end":{"line":297,"column":58}},"297":{"start":{"line":298,"column":0},"end":{"line":298,"column":24}},"298":{"start":{"line":299,"column":0},"end":{"line":299,"column":117}},"299":{"start":{"line":300,"column":0},"end":{"line":300,"column":16}},"300":{"start":{"line":301,"column":0},"end":{"line":301,"column":3}},"301":{"start":{"line":302,"column":0},"end":{"line":302,"column":21}},"302":{"start":{"line":303,"column":0},"end":{"line":303,"column":1}},"311":{"start":{"line":312,"column":0},"end":{"line":312,"column":79}},"312":{"start":{"line":313,"column":0},"end":{"line":313,"column":45}},"313":{"start":{"line":314,"column":0},"end":{"line":314,"column":91}},"314":{"start":{"line":315,"column":0},"end":{"line":315,"column":37}},"316":{"start":{"line":317,"column":0},"end":{"line":317,"column":43}},"317":{"start":{"line":318,"column":0},"end":{"line":318,"column":50}},"318":{"start":{"line":319,"column":0},"end":{"line":319,"column":20}},"319":{"start":{"line":320,"column":0},"end":{"line":320,"column":33}},"320":{"start":{"line":321,"column":0},"end":{"line":321,"column":5}},"321":{"start":{"line":322,"column":0},"end":{"line":322,"column":3}},"323":{"start":{"line":324,"column":0},"end":{"line":324,"column":39}},"327":{"start":{"line":328,"column":0},"end":{"line":328,"column":56}},"328":{"start":{"line":329,"column":0},"end":{"line":329,"column":24}},"329":{"start":{"line":330,"column":0},"end":{"line":330,"column":114}},"330":{"start":{"line":331,"column":0},"end":{"line":331,"column":16}},"331":{"start":{"line":332,"column":0},"end":{"line":332,"column":3}},"332":{"start":{"line":333,"column":0},"end":{"line":333,"column":21}},"333":{"start":{"line":334,"column":0},"end":{"line":334,"column":1}},"342":{"start":{"line":343,"column":0},"end":{"line":343,"column":81}},"343":{"start":{"line":344,"column":0},"end":{"line":344,"column":72}},"345":{"start":{"line":346,"column":0},"end":{"line":346,"column":63}},"346":{"start":{"line":347,"column":0},"end":{"line":347,"column":80}},"347":{"start":{"line":348,"column":0},"end":{"line":348,"column":16}},"348":{"start":{"line":349,"column":0},"end":{"line":349,"column":3}},"350":{"start":{"line":351,"column":0},"end":{"line":351,"column":47}},"353":{"start":{"line":354,"column":0},"end":{"line":354,"column":59}},"354":{"start":{"line":355,"column":0},"end":{"line":355,"column":29}},"355":{"start":{"line":356,"column":0},"end":{"line":356,"column":36}},"356":{"start":{"line":357,"column":0},"end":{"line":357,"column":3}},"359":{"start":{"line":360,"column":0},"end":{"line":360,"column":75}},"360":{"start":{"line":361,"column":0},"end":{"line":361,"column":24}},"361":{"start":{"line":362,"column":0},"end":{"line":362,"column":57}},"362":{"start":{"line":363,"column":0},"end":{"line":363,"column":19}},"363":{"start":{"line":364,"column":0},"end":{"line":364,"column":36}},"364":{"start":{"line":365,"column":0},"end":{"line":365,"column":12}},"365":{"start":{"line":366,"column":0},"end":{"line":366,"column":62}},"366":{"start":{"line":367,"column":0},"end":{"line":367,"column":62}},"367":{"start":{"line":368,"column":0},"end":{"line":368,"column":5}},"368":{"start":{"line":369,"column":0},"end":{"line":369,"column":10}},"369":{"start":{"line":370,"column":0},"end":{"line":370,"column":69}},"370":{"start":{"line":371,"column":0},"end":{"line":371,"column":42}},"371":{"start":{"line":372,"column":0},"end":{"line":372,"column":3}},"374":{"start":{"line":375,"column":0},"end":{"line":375,"column":76}},"375":{"start":{"line":376,"column":0},"end":{"line":376,"column":27}},"376":{"start":{"line":377,"column":0},"end":{"line":377,"column":40}},"377":{"start":{"line":378,"column":0},"end":{"line":378,"column":42}},"378":{"start":{"line":379,"column":0},"end":{"line":379,"column":15}},"379":{"start":{"line":380,"column":0},"end":{"line":380,"column":23}},"380":{"start":{"line":381,"column":0},"end":{"line":381,"column":5}},"381":{"start":{"line":382,"column":0},"end":{"line":382,"column":3}},"383":{"start":{"line":384,"column":0},"end":{"line":384,"column":26}},"388":{"start":{"line":389,"column":0},"end":{"line":389,"column":66}},"389":{"start":{"line":390,"column":0},"end":{"line":390,"column":20}},"390":{"start":{"line":391,"column":0},"end":{"line":391,"column":103}},"393":{"start":{"line":394,"column":0},"end":{"line":394,"column":56}},"394":{"start":{"line":395,"column":0},"end":{"line":395,"column":3}},"396":{"start":{"line":397,"column":0},"end":{"line":397,"column":70}},"397":{"start":{"line":398,"column":0},"end":{"line":398,"column":31}},"398":{"start":{"line":399,"column":0},"end":{"line":399,"column":44}},"399":{"start":{"line":400,"column":0},"end":{"line":400,"column":3}},"405":{"start":{"line":406,"column":0},"end":{"line":406,"column":58}},"406":{"start":{"line":407,"column":0},"end":{"line":407,"column":24}},"407":{"start":{"line":408,"column":0},"end":{"line":408,"column":112}},"408":{"start":{"line":409,"column":0},"end":{"line":409,"column":16}},"409":{"start":{"line":410,"column":0},"end":{"line":410,"column":3}},"410":{"start":{"line":411,"column":0},"end":{"line":411,"column":21}},"411":{"start":{"line":412,"column":0},"end":{"line":412,"column":1}}},"s":{"0":1,"11":9,"12":9,"13":9,"14":9,"23":0,"24":0,"25":0,"26":0,"34":2,"35":2,"36":2,"37":1,"38":2,"39":2,"47":1,"48":1,"49":1,"50":1,"51":1,"52":1,"61":1,"62":1,"63":1,"65":1,"66":0,"67":0,"68":0,"70":1,"72":1,"73":1,"74":1,"75":1,"77":1,"78":0,"79":0,"82":1,"83":1,"84":0,"85":0,"86":0,"88":1,"89":1,"99":1,"100":1,"101":1,"108":1,"109":1,"112":1,"113":1,"114":1,"115":1,"116":1,"117":1,"118":1,"122":1,"124":0,"125":0,"126":0,"127":0,"129":0,"130":0,"131":0,"134":1,"135":1,"136":1,"137":1,"139":1,"140":1,"141":0,"142":0,"144":1,"145":1,"146":1,"147":1,"152":1,"153":1,"154":0,"155":0,"156":0,"158":1,"159":1,"169":4,"170":4,"171":4,"178":1,"179":1,"181":1,"182":1,"183":1,"184":1,"186":0,"187":0,"188":0,"191":1,"192":1,"196":1,"197":1,"200":1,"201":1,"202":1,"203":1,"204":1,"205":1,"206":1,"207":1,"208":1,"213":1,"214":1,"215":0,"216":0,"217":0,"219":1,"220":1,"229":1,"230":1,"232":1,"233":1,"234":1,"235":1,"237":0,"238":0,"239":0,"242":1,"243":1,"244":1,"245":1,"246":1,"247":1,"248":1,"249":1,"251":1,"254":1,"255":1,"257":0,"258":0,"259":0,"261":1,"262":1,"273":1,"274":1,"276":1,"277":1,"278":1,"279":1,"280":0,"281":0,"282":0,"284":1,"285":1,"286":1,"287":1,"289":1,"290":1,"291":0,"292":0,"296":1,"297":1,"298":0,"299":0,"300":0,"301":1,"302":1,"311":1,"312":1,"313":1,"314":1,"316":1,"317":1,"318":1,"319":1,"320":1,"321":1,"323":1,"327":1,"328":1,"329":0,"330":0,"331":0,"332":1,"333":1,"342":1,"343":1,"345":1,"346":0,"347":0,"348":0,"350":1,"353":1,"354":1,"355":1,"356":1,"359":1,"360":1,"361":1,"362":1,"363":1,"364":1,"365":0,"366":0,"367":0,"368":1,"369":0,"370":0,"371":0,"374":1,"375":1,"376":1,"377":1,"378":1,"379":1,"380":1,"381":1,"383":1,"388":1,"389":1,"390":0,"393":0,"394":0,"396":1,"397":1,"398":0,"399":0,"405":1,"406":1,"407":0,"408":0,"409":0,"410":1,"411":1},"branchMap":{"0":{"type":"branch","line":12,"loc":{"start":{"line":12,"column":0},"end":{"line":15,"column":1}},"locations":[{"start":{"line":12,"column":0},"end":{"line":15,"column":1}}]},"1":{"type":"branch","line":14,"loc":{"start":{"line":14,"column":9},"end":{"line":14,"column":33}},"locations":[{"start":{"line":14,"column":9},"end":{"line":14,"column":33}}]},"2":{"type":"branch","line":14,"loc":{"start":{"line":14,"column":18},"end":{"line":14,"column":38}},"locations":[{"start":{"line":14,"column":18},"end":{"line":14,"column":38}}]},"3":{"type":"branch","line":35,"loc":{"start":{"line":35,"column":0},"end":{"line":40,"column":1}},"locations":[{"start":{"line":35,"column":0},"end":{"line":40,"column":1}}]},"4":{"type":"branch","line":37,"loc":{"start":{"line":37,"column":21},"end":{"line":39,"column":22}},"locations":[{"start":{"line":37,"column":21},"end":{"line":39,"column":22}}]},"5":{"type":"branch","line":39,"loc":{"start":{"line":39,"column":18},"end":{"line":39,"column":29}},"locations":[{"start":{"line":39,"column":18},"end":{"line":39,"column":29}}]},"6":{"type":"branch","line":39,"loc":{"start":{"line":39,"column":22},"end":{"line":39,"column":33}},"locations":[{"start":{"line":39,"column":22},"end":{"line":39,"column":33}}]},"7":{"type":"branch","line":48,"loc":{"start":{"line":48,"column":0},"end":{"line":53,"column":1}},"locations":[{"start":{"line":48,"column":0},"end":{"line":53,"column":1}}]},"8":{"type":"branch","line":50,"loc":{"start":{"line":50,"column":21},"end":{"line":50,"column":33}},"locations":[{"start":{"line":50,"column":21},"end":{"line":50,"column":33}}]},"9":{"type":"branch","line":52,"loc":{"start":{"line":52,"column":18},"end":{"line":52,"column":29}},"locations":[{"start":{"line":52,"column":18},"end":{"line":52,"column":29}}]},"10":{"type":"branch","line":62,"loc":{"start":{"line":62,"column":7},"end":{"line":90,"column":1}},"locations":[{"start":{"line":62,"column":7},"end":{"line":90,"column":1}}]},"11":{"type":"branch","line":66,"loc":{"start":{"line":66,"column":32},"end":{"line":69,"column":3}},"locations":[{"start":{"line":66,"column":32},"end":{"line":69,"column":3}}]},"12":{"type":"branch","line":78,"loc":{"start":{"line":78,"column":22},"end":{"line":80,"column":3}},"locations":[{"start":{"line":78,"column":22},"end":{"line":80,"column":3}}]},"13":{"type":"branch","line":84,"loc":{"start":{"line":84,"column":23},"end":{"line":87,"column":3}},"locations":[{"start":{"line":84,"column":23},"end":{"line":87,"column":3}}]},"14":{"type":"branch","line":100,"loc":{"start":{"line":100,"column":0},"end":{"line":102,"column":1}},"locations":[{"start":{"line":100,"column":0},"end":{"line":102,"column":1}}]},"15":{"type":"branch","line":109,"loc":{"start":{"line":109,"column":7},"end":{"line":160,"column":1}},"locations":[{"start":{"line":109,"column":7},"end":{"line":160,"column":1}}]},"16":{"type":"branch","line":123,"loc":{"start":{"line":123,"column":44},"end":{"line":132,"column":3}},"locations":[{"start":{"line":123,"column":44},"end":{"line":132,"column":3}}]},"17":{"type":"branch","line":141,"loc":{"start":{"line":141,"column":22},"end":{"line":143,"column":3}},"locations":[{"start":{"line":141,"column":22},"end":{"line":143,"column":3}}]},"18":{"type":"branch","line":154,"loc":{"start":{"line":154,"column":23},"end":{"line":157,"column":3}},"locations":[{"start":{"line":154,"column":23},"end":{"line":157,"column":3}}]},"19":{"type":"branch","line":170,"loc":{"start":{"line":170,"column":0},"end":{"line":172,"column":1}},"locations":[{"start":{"line":170,"column":0},"end":{"line":172,"column":1}}]},"20":{"type":"branch","line":179,"loc":{"start":{"line":179,"column":7},"end":{"line":221,"column":1}},"locations":[{"start":{"line":179,"column":7},"end":{"line":221,"column":1}}]},"21":{"type":"branch","line":185,"loc":{"start":{"line":185,"column":2},"end":{"line":189,"column":3}},"locations":[{"start":{"line":185,"column":2},"end":{"line":189,"column":3}}]},"22":{"type":"branch","line":215,"loc":{"start":{"line":215,"column":23},"end":{"line":218,"column":3}},"locations":[{"start":{"line":215,"column":23},"end":{"line":218,"column":3}}]},"23":{"type":"branch","line":230,"loc":{"start":{"line":230,"column":7},"end":{"line":263,"column":1}},"locations":[{"start":{"line":230,"column":7},"end":{"line":263,"column":1}}]},"24":{"type":"branch","line":236,"loc":{"start":{"line":236,"column":2},"end":{"line":240,"column":3}},"locations":[{"start":{"line":236,"column":2},"end":{"line":240,"column":3}}]},"25":{"type":"branch","line":256,"loc":{"start":{"line":256,"column":23},"end":{"line":260,"column":3}},"locations":[{"start":{"line":256,"column":23},"end":{"line":260,"column":3}}]},"26":{"type":"branch","line":274,"loc":{"start":{"line":274,"column":7},"end":{"line":303,"column":1}},"locations":[{"start":{"line":274,"column":7},"end":{"line":303,"column":1}}]},"27":{"type":"branch","line":280,"loc":{"start":{"line":280,"column":2},"end":{"line":283,"column":3}},"locations":[{"start":{"line":280,"column":2},"end":{"line":283,"column":3}}]},"28":{"type":"branch","line":291,"loc":{"start":{"line":291,"column":33},"end":{"line":293,"column":3}},"locations":[{"start":{"line":291,"column":33},"end":{"line":293,"column":3}}]},"29":{"type":"branch","line":298,"loc":{"start":{"line":298,"column":23},"end":{"line":301,"column":3}},"locations":[{"start":{"line":298,"column":23},"end":{"line":301,"column":3}}]},"30":{"type":"branch","line":312,"loc":{"start":{"line":312,"column":7},"end":{"line":334,"column":1}},"locations":[{"start":{"line":312,"column":7},"end":{"line":334,"column":1}}]},"31":{"type":"branch","line":329,"loc":{"start":{"line":329,"column":23},"end":{"line":332,"column":3}},"locations":[{"start":{"line":329,"column":23},"end":{"line":332,"column":3}}]},"32":{"type":"branch","line":343,"loc":{"start":{"line":343,"column":7},"end":{"line":412,"column":1}},"locations":[{"start":{"line":343,"column":7},"end":{"line":412,"column":1}}]},"33":{"type":"branch","line":346,"loc":{"start":{"line":346,"column":62},"end":{"line":349,"column":3}},"locations":[{"start":{"line":346,"column":62},"end":{"line":349,"column":3}}]},"34":{"type":"branch","line":365,"loc":{"start":{"line":365,"column":4},"end":{"line":368,"column":5}},"locations":[{"start":{"line":365,"column":4},"end":{"line":368,"column":5}}]},"35":{"type":"branch","line":369,"loc":{"start":{"line":369,"column":2},"end":{"line":372,"column":3}},"locations":[{"start":{"line":369,"column":2},"end":{"line":372,"column":3}}]},"36":{"type":"branch","line":390,"loc":{"start":{"line":390,"column":19},"end":{"line":395,"column":3}},"locations":[{"start":{"line":390,"column":19},"end":{"line":395,"column":3}}]},"37":{"type":"branch","line":398,"loc":{"start":{"line":398,"column":30},"end":{"line":400,"column":3}},"locations":[{"start":{"line":398,"column":30},"end":{"line":400,"column":3}}]},"38":{"type":"branch","line":407,"loc":{"start":{"line":407,"column":23},"end":{"line":410,"column":3}},"locations":[{"start":{"line":407,"column":23},"end":{"line":410,"column":3}}]}},"b":{"0":[9],"1":[5],"2":[4],"3":[2],"4":[1],"5":[0],"6":[1],"7":[1],"8":[0],"9":[0],"10":[1],"11":[0],"12":[0],"13":[0],"14":[1],"15":[1],"16":[0],"17":[0],"18":[0],"19":[4],"20":[1],"21":[0],"22":[0],"23":[1],"24":[0],"25":[0],"26":[1],"27":[0],"28":[0],"29":[0],"30":[1],"31":[0],"32":[1],"33":[0],"34":[0],"35":[0],"36":[0],"37":[0],"38":[0]},"fnMap":{"0":{"name":"getTextContent","decl":{"start":{"line":12,"column":0},"end":{"line":15,"column":1}},"loc":{"start":{"line":12,"column":0},"end":{"line":15,"column":1}},"line":12},"1":{"name":"queryTextContent","decl":{"start":{"line":24,"column":0},"end":{"line":27,"column":1}},"loc":{"start":{"line":24,"column":0},"end":{"line":27,"column":1}},"line":24},"2":{"name":"parseNumberContent","decl":{"start":{"line":35,"column":0},"end":{"line":40,"column":1}},"loc":{"start":{"line":35,"column":0},"end":{"line":40,"column":1}},"line":35},"3":{"name":"parseIntContent","decl":{"start":{"line":48,"column":0},"end":{"line":53,"column":1}},"loc":{"start":{"line":48,"column":0},"end":{"line":53,"column":1}},"line":48},"4":{"name":"mapPitchElement","decl":{"start":{"line":62,"column":7},"end":{"line":90,"column":1}},"loc":{"start":{"line":62,"column":7},"end":{"line":90,"column":1}},"line":62},"5":{"name":"hasChildElement","decl":{"start":{"line":100,"column":0},"end":{"line":102,"column":1}},"loc":{"start":{"line":100,"column":0},"end":{"line":102,"column":1}},"line":100},"6":{"name":"mapNoteElement","decl":{"start":{"line":109,"column":7},"end":{"line":160,"column":1}},"loc":{"start":{"line":109,"column":7},"end":{"line":160,"column":1}},"line":109},"7":{"name":"getAttribute","decl":{"start":{"line":170,"column":0},"end":{"line":172,"column":1}},"loc":{"start":{"line":170,"column":0},"end":{"line":172,"column":1}},"line":170},"8":{"name":"mapMeasureElement","decl":{"start":{"line":179,"column":7},"end":{"line":221,"column":1}},"loc":{"start":{"line":179,"column":7},"end":{"line":221,"column":1}},"line":179},"9":{"name":"mapPartElement","decl":{"start":{"line":230,"column":7},"end":{"line":263,"column":1}},"loc":{"start":{"line":230,"column":7},"end":{"line":263,"column":1}},"line":230},"10":{"name":"mapScorePartElement","decl":{"start":{"line":274,"column":7},"end":{"line":303,"column":1}},"loc":{"start":{"line":274,"column":7},"end":{"line":303,"column":1}},"line":274},"11":{"name":"mapPartListElement","decl":{"start":{"line":312,"column":7},"end":{"line":334,"column":1}},"loc":{"start":{"line":312,"column":7},"end":{"line":334,"column":1}},"line":312},"12":{"name":"mapDocumentToScorePartwise","decl":{"start":{"line":343,"column":7},"end":{"line":412,"column":1}},"loc":{"start":{"line":343,"column":7},"end":{"line":412,"column":1}},"line":343}},"f":{"0":9,"1":0,"2":2,"3":1,"4":1,"5":1,"6":1,"7":4,"8":1,"9":1,"10":1,"11":1,"12":1}}
,"/Users/user/Documents/musicxml-parser/src/parser/xmlParser.ts": {"path":"/Users/user/Documents/musicxml-parser/src/parser/xmlParser.ts","all":false,"statementMap":{"8":{"start":{"line":9,"column":0},"end":{"line":9,"column":73}},"9":{"start":{"line":10,"column":0},"end":{"line":10,"column":41}},"10":{"start":{"line":11,"column":0},"end":{"line":11,"column":20}},"11":{"start":{"line":12,"column":0},"end":{"line":12,"column":105}},"12":{"start":{"line":13,"column":0},"end":{"line":13,"column":6}},"13":{"start":{"line":14,"column":0},"end":{"line":14,"column":3}},"15":{"start":{"line":16,"column":0},"end":{"line":16,"column":33}},"16":{"start":{"line":17,"column":0},"end":{"line":17,"column":67}},"23":{"start":{"line":24,"column":0},"end":{"line":24,"column":62}},"24":{"start":{"line":25,"column":0},"end":{"line":25,"column":31}},"25":{"start":{"line":26,"column":0},"end":{"line":26,"column":68}},"26":{"start":{"line":27,"column":0},"end":{"line":27,"column":16}},"27":{"start":{"line":28,"column":0},"end":{"line":28,"column":3}},"29":{"start":{"line":30,"column":0},"end":{"line":30,"column":13}},"30":{"start":{"line":31,"column":0},"end":{"line":31,"column":1}}},"s":{"8":1,"9":1,"10":0,"11":0,"12":0,"13":0,"15":1,"16":1,"23":1,"24":1,"25":0,"26":0,"27":0,"29":1,"30":1},"branchMap":{"0":{"type":"branch","line":9,"loc":{"start":{"line":9,"column":7},"end":{"line":31,"column":1}},"locations":[{"start":{"line":9,"column":7},"end":{"line":31,"column":1}}]},"1":{"type":"branch","line":10,"loc":{"start":{"line":10,"column":40},"end":{"line":14,"column":3}},"locations":[{"start":{"line":10,"column":40},"end":{"line":14,"column":3}}]},"2":{"type":"branch","line":25,"loc":{"start":{"line":25,"column":30},"end":{"line":28,"column":3}},"locations":[{"start":{"line":25,"column":30},"end":{"line":28,"column":3}}]}},"b":{"0":[1],"1":[0],"2":[0]},"fnMap":{"0":{"name":"parseMusicXmlString","decl":{"start":{"line":9,"column":7},"end":{"line":31,"column":1}},"loc":{"start":{"line":9,"column":7},"end":{"line":31,"column":1}},"line":9}},"f":{"0":1}}
,"/Users/user/Documents/musicxml-parser/src/schemas/common.ts": {"path":"/Users/user/Documents/musicxml-parser/src/schemas/common.ts","all":false,"statementMap":{},"s":{},"branchMap":{},"b":{},"fnMap":{},"f":{}}
,"/Users/user/Documents/musicxml-parser/src/schemas/index.ts": {"path":"/Users/user/Documents/musicxml-parser/src/schemas/index.ts","all":false,"statementMap":{"0":{"start":{"line":1,"column":0},"end":{"line":1,"column":25}},"1":{"start":{"line":2,"column":0},"end":{"line":2,"column":24}},"2":{"start":{"line":3,"column":0},"end":{"line":3,"column":23}},"3":{"start":{"line":4,"column":0},"end":{"line":4,"column":23}},"4":{"start":{"line":5,"column":0},"end":{"line":5,"column":26}},"5":{"start":{"line":6,"column":0},"end":{"line":6,"column":23}},"6":{"start":{"line":7,"column":0},"end":{"line":7,"column":28}},"7":{"start":{"line":8,"column":0},"end":{"line":8,"column":27}},"8":{"start":{"line":9,"column":0},"end":{"line":9,"column":32}}},"s":{"0":1,"1":1,"2":1,"3":1,"4":1,"5":1,"6":1,"7":1,"8":1},"branchMap":{},"b":{},"fnMap":{},"f":{}}
,"/Users/user/Documents/musicxml-parser/src/schemas/measure.ts": {"path":"/Users/user/Documents/musicxml-parser/src/schemas/measure.ts","all":false,"statementMap":{"0":{"start":{"line":1,"column":0},"end":{"line":1,"column":24}},"1":{"start":{"line":2,"column":0},"end":{"line":2,"column":36}},"6":{"start":{"line":7,"column":0},"end":{"line":7,"column":46}},"12":{"start":{"line":13,"column":0},"end":{"line":13,"column":75}},"17":{"start":{"line":18,"column":0},"end":{"line":18,"column":39}},"19":{"start":{"line":20,"column":0},"end":{"line":20,"column":22}},"24":{"start":{"line":25,"column":0},"end":{"line":25,"column":53}},"29":{"start":{"line":30,"column":0},"end":{"line":30,"column":101}},"36":{"start":{"line":37,"column":0},"end":{"line":37,"column":107}}},"s":{"0":1,"1":1,"6":1,"12":1,"17":1,"19":1,"24":1,"29":1,"36":1},"branchMap":{},"b":{},"fnMap":{},"f":{}}
,"/Users/user/Documents/musicxml-parser/src/schemas/note.ts": {"path":"/Users/user/Documents/musicxml-parser/src/schemas/note.ts","all":false,"statementMap":{"0":{"start":{"line":1,"column":0},"end":{"line":1,"column":24}},"1":{"start":{"line":2,"column":0},"end":{"line":2,"column":38}},"2":{"start":{"line":3,"column":0},"end":{"line":3,"column":36}},"9":{"start":{"line":10,"column":0},"end":{"line":10,"column":36}},"11":{"start":{"line":12,"column":0},"end":{"line":12,"column":32}},"13":{"start":{"line":14,"column":0},"end":{"line":14,"column":30}},"18":{"start":{"line":19,"column":0},"end":{"line":19,"column":76}},"23":{"start":{"line":24,"column":0},"end":{"line":24,"column":31}},"27":{"start":{"line":28,"column":0},"end":{"line":28,"column":30}},"33":{"start":{"line":34,"column":0},"end":{"line":34,"column":44}},"34":{"start":{"line":35,"column":0},"end":{"line":35,"column":64}},"35":{"start":{"line":36,"column":0},"end":{"line":36,"column":47}},"36":{"start":{"line":37,"column":0},"end":{"line":37,"column":65}},"37":{"start":{"line":38,"column":0},"end":{"line":38,"column":3}}},"s":{"0":1,"1":1,"2":1,"9":1,"11":1,"13":1,"18":1,"23":1,"27":1,"33":1,"34":1,"35":1,"36":1,"37":1},"branchMap":{"0":{"type":"branch","line":34,"loc":{"start":{"line":34,"column":10},"end":{"line":34,"column":43}},"locations":[{"start":{"line":34,"column":10},"end":{"line":34,"column":43}}]},"1":{"type":"branch","line":34,"loc":{"start":{"line":34,"column":23},"end":{"line":34,"column":43}},"locations":[{"start":{"line":34,"column":23},"end":{"line":34,"column":43}}]},"2":{"type":"branch","line":36,"loc":{"start":{"line":36,"column":10},"end":{"line":36,"column":46}},"locations":[{"start":{"line":36,"column":10},"end":{"line":36,"column":46}}]}},"b":{"0":[4],"1":[0],"2":[4]},"fnMap":{"0":{"name":"__vite_ssr_import_0__.z.object.refine.message","decl":{"start":{"line":34,"column":10},"end":{"line":34,"column":43}},"loc":{"start":{"line":34,"column":10},"end":{"line":34,"column":43}},"line":34},"1":{"name":"__vite_ssr_import_0__.z.object.refine.refine.message","decl":{"start":{"line":36,"column":10},"end":{"line":36,"column":46}},"loc":{"start":{"line":36,"column":10},"end":{"line":36,"column":46}},"line":36}},"f":{"0":4,"1":4}}
,"/Users/user/Documents/musicxml-parser/src/schemas/part.ts": {"path":"/Users/user/Documents/musicxml-parser/src/schemas/part.ts","all":false,"statementMap":{"0":{"start":{"line":1,"column":0},"end":{"line":1,"column":24}},"1":{"start":{"line":2,"column":0},"end":{"line":2,"column":42}},"7":{"start":{"line":8,"column":0},"end":{"line":8,"column":36}},"12":{"start":{"line":13,"column":0},"end":{"line":13,"column":17}},"17":{"start":{"line":18,"column":0},"end":{"line":18,"column":76}},"21":{"start":{"line":22,"column":0},"end":{"line":22,"column":67}}},"s":{"0":1,"1":1,"7":1,"12":1,"17":1,"21":1},"branchMap":{},"b":{},"fnMap":{},"f":{}}
,"/Users/user/Documents/musicxml-parser/src/schemas/partList.ts": {"path":"/Users/user/Documents/musicxml-parser/src/schemas/partList.ts","all":false,"statementMap":{"0":{"start":{"line":1,"column":0},"end":{"line":1,"column":24}},"1":{"start":{"line":2,"column":0},"end":{"line":2,"column":46}},"8":{"start":{"line":9,"column":0},"end":{"line":9,"column":40}},"13":{"start":{"line":14,"column":0},"end":{"line":14,"column":62}},"15":{"start":{"line":16,"column":0},"end":{"line":16,"column":76}}},"s":{"0":1,"1":1,"8":1,"13":1,"15":1},"branchMap":{},"b":{},"fnMap":{},"f":{}}
,"/Users/user/Documents/musicxml-parser/src/schemas/pitch.ts": {"path":"/Users/user/Documents/musicxml-parser/src/schemas/pitch.ts","all":false,"statementMap":{"0":{"start":{"line":1,"column":0},"end":{"line":1,"column":24}},"9":{"start":{"line":10,"column":0},"end":{"line":10,"column":37}},"11":{"start":{"line":12,"column":0},"end":{"line":12,"column":52}},"13":{"start":{"line":14,"column":0},"end":{"line":14,"column":31}},"15":{"start":{"line":16,"column":0},"end":{"line":16,"column":27}},"16":{"start":{"line":17,"column":0},"end":{"line":17,"column":3}}},"s":{"0":1,"9":1,"11":1,"13":1,"15":1,"16":1},"branchMap":{},"b":{},"fnMap":{},"f":{}}
,"/Users/user/Documents/musicxml-parser/src/schemas/rest.ts": {"path":"/Users/user/Documents/musicxml-parser/src/schemas/rest.ts","all":false,"statementMap":{"0":{"start":{"line":1,"column":0},"end":{"line":1,"column":24}},"7":{"start":{"line":8,"column":0},"end":{"line":8,"column":36}},"18":{"start":{"line":19,"column":0},"end":{"line":19,"column":3}}},"s":{"0":1,"7":1,"18":1},"branchMap":{},"b":{},"fnMap":{},"f":{}}
,"/Users/user/Documents/musicxml-parser/src/schemas/scorePart.ts": {"path":"/Users/user/Documents/musicxml-parser/src/schemas/scorePart.ts","all":false,"statementMap":{"0":{"start":{"line":1,"column":0},"end":{"line":1,"column":24}},"6":{"start":{"line":7,"column":0},"end":{"line":7,"column":41}},"11":{"start":{"line":12,"column":0},"end":{"line":12,"column":17}},"13":{"start":{"line":14,"column":0},"end":{"line":14,"column":49}},"15":{"start":{"line":16,"column":0},"end":{"line":16,"column":65}},"20":{"start":{"line":21,"column":0},"end":{"line":21,"column":76}}},"s":{"0":1,"6":1,"11":1,"13":1,"15":1,"20":1},"branchMap":{},"b":{},"fnMap":{},"f":{}}
,"/Users/user/Documents/musicxml-parser/src/schemas/scorePartwise.ts": {"path":"/Users/user/Documents/musicxml-parser/src/schemas/scorePartwise.ts","all":false,"statementMap":{"0":{"start":{"line":1,"column":0},"end":{"line":1,"column":24}},"1":{"start":{"line":2,"column":0},"end":{"line":2,"column":44}},"2":{"start":{"line":3,"column":0},"end":{"line":3,"column":36}},"5":{"start":{"line":6,"column":0},"end":{"line":6,"column":98}},"6":{"start":{"line":7,"column":0},"end":{"line":7,"column":61}},"7":{"start":{"line":8,"column":0},"end":{"line":8,"column":111}},"8":{"start":{"line":9,"column":0},"end":{"line":9,"column":104}},"9":{"start":{"line":10,"column":0},"end":{"line":10,"column":95}},"15":{"start":{"line":16,"column":0},"end":{"line":16,"column":45}},"20":{"start":{"line":21,"column":0},"end":{"line":21,"column":33}},"22":{"start":{"line":23,"column":0},"end":{"line":23,"column":40}},"24":{"start":{"line":25,"column":0},"end":{"line":25,"column":68}},"26":{"start":{"line":27,"column":0},"end":{"line":27,"column":70}},"28":{"start":{"line":29,"column":0},"end":{"line":29,"column":52}},"30":{"start":{"line":31,"column":0},"end":{"line":31,"column":118}},"37":{"start":{"line":38,"column":0},"end":{"line":38,"column":42}},"43":{"start":{"line":44,"column":0},"end":{"line":44,"column":46}},"44":{"start":{"line":45,"column":0},"end":{"line":45,"column":75}}},"s":{"0":1,"1":1,"2":1,"5":1,"6":1,"7":1,"8":1,"9":1,"15":1,"20":1,"22":1,"24":1,"26":1,"28":1,"30":1,"37":1,"43":1,"44":1},"branchMap":{},"b":{},"fnMap":{},"f":{}}
}
